生成启动时间为 2013/2/6 0:44:28。
     1>项目“E:\MyVCProjectsFolder\MINAMI\MINAMI\MINAMI.vcxproj”在节点 2 上(rebuild 个目标)。
     1>_PrepareForClean:
         正在删除文件“Debug\MINAMI.lastbuildstate”。
       InitializeBuildStatus:
         正在创建“Debug\MINAMI.unsuccessfulbuild”，因为已指定“AlwaysCreate”。
       ClCompile:
         H:\Microsoft Visual Studio 10.0\VC\bin\CL.exe /c /ZI /nologo /W3 /WX- /Od /Oy- /D _MBCS /Gm /EHsc /RTC1 /MDd /GS /fp:precise /Zc:wchar_t /Zc:forScope /Fo"Debug\\" /Fd"Debug\vc100.pdb" /Gd /TP /analyze- /errorReport:prompt Application.cpp CheckMemLeak.cpp main.cpp RenderSystem.cpp Window.cpp
         Window.cpp
         RenderSystem.cpp
         main.cpp
         CheckMemLeak.cpp
         Application.cpp
         正在生成代码...
       Link:
         H:\Microsoft Visual Studio 10.0\VC\bin\link.exe /ERRORREPORT:PROMPT /OUT:"E:\MyVCProjectsFolder\MINAMI\Debug\MINAMI.exe" /NOLOGO kernel32.lib user32.lib gdi32.lib winspool.lib comdlg32.lib advapi32.lib shell32.lib ole32.lib oleaut32.lib uuid.lib odbc32.lib odbccp32.lib /MANIFEST /ManifestFile:"Debug\MINAMI.exe.intermediate.manifest" /MANIFESTUAC:"level='asInvoker' uiAccess='false'" /DEBUG /PDB:"E:\MyVCProjectsFolder\MINAMI\Debug\MINAMI.pdb" /TLBID:1 /DYNAMICBASE /NXCOMPAT /IMPLIB:"E:\MyVCProjectsFolder\MINAMI\Debug\MINAMI.lib" /MACHINE:X86 Debug\Application.obj
         Debug\CheckMemLeak.obj
         Debug\main.obj
         Debug\RenderSystem.obj
         Debug\Window.obj
         MINAMI.vcxproj -> E:\MyVCProjectsFolder\MINAMI\Debug\MINAMI.exe
       Manifest:
         C:\Program Files (x86)\Microsoft SDKs\Windows\v7.0A\bin\mt.exe /nologo /verbose /outputresource:"E:\MyVCProjectsFolder\MINAMI\Debug\MINAMI.exe;#1" /manifest Debug\MINAMI.exe.intermediate.manifest
       FinalizeBuildStatus:
         正在删除文件“Debug\MINAMI.unsuccessfulbuild”。
         正在对“Debug\MINAMI.lastbuildstate”执行 Touch 任务。
     1>已完成生成项目“E:\MyVCProjectsFolder\MINAMI\MINAMI\MINAMI.vcxproj”(rebuild 个目标)的操作。

生成成功。

已用时间 00:00:03.29
