E:\MYVCPROJECTSFOLDER\MINAMI\DEBUG\MINAMI.EXE
E:\MYVCPROJECTSFOLDER\MINAMI\DEBUG\MINAMI.ILK
E:\MYVCPROJECTSFOLDER\MINAMI\DEBUG\MINAMI.PDB
E:\MYVCPROJECTSFOLDER\MINAMI\MINAMI\DEBUG\APPLICATION.OBJ
E:\MYVCPROJECTSFOLDER\MINAMI\MINAMI\DEBUG\CHECKMEMLEAK.OBJ
E:\MyVCProjectsFolder\MINAMI\MINAMI\Debug\cl.command.1.tlog
E:\MyVCProjectsFolder\MINAMI\MINAMI\Debug\CL.read.1.tlog
E:\MyVCProjectsFolder\MINAMI\MINAMI\Debug\CL.write.1.tlog
E:\MyVCProjectsFolder\MINAMI\MINAMI\Debug\link.command.1.tlog
E:\MyVCProjectsFolder\MINAMI\MINAMI\Debug\link.read.1.tlog
E:\MyVCProjectsFolder\MINAMI\MINAMI\Debug\link.write.1.tlog
E:\MYVCPROJECTSFOLDER\MINAMI\MINAMI\DEBUG\MAIN.OBJ
E:\MYVCPROJECTSFOLDER\MINAMI\MINAMI\DEBUG\MINAMI.EXE.INTERMEDIATE.MANIFEST
E:\MyVCProjectsFolder\MINAMI\MINAMI\Debug\mt.command.1.tlog
E:\MyVCProjectsFolder\MINAMI\MINAMI\Debug\mt.read.1.tlog
E:\MyVCProjectsFolder\MINAMI\MINAMI\Debug\mt.write.1.tlog
E:\MYVCPROJECTSFOLDER\MINAMI\MINAMI\DEBUG\RENDERSYSTEM.OBJ
E:\MyVCProjectsFolder\MINAMI\MINAMI\Debug\vc100.idb
E:\MYVCPROJECTSFOLDER\MINAMI\MINAMI\DEBUG\VC100.PDB
E:\MYVCPROJECTSFOLDER\MINAMI\MINAMI\DEBUG\WINDOW.OBJ
